2019-11-06 21:38:46.875 INFO [restartedMain]net.xdclass.xdvideo.XdvideoApplication.logStarting:50 -Starting XdvideoApplication on SKY-20170805EPE with PID 56144 (E:\github-selfproject\boot-pay\xdvideo\target\classes started by Administrator in E:\github-selfproject\boot-pay\xdvideo)
2019-11-06 21:38:46.877 INFO [restartedMain]net.xdclass.xdvideo.XdvideoApplication.logStartupProfileInfo:659 -No active profile set, falling back to default profiles: default
2019-11-06 21:38:46.964 INFO [restartedMain]o.s.b.w.s.c.AnnotationConfigServletWebServerApplicationContext.prepareRefresh:590 -Refreshing org.springframework.boot.web.servlet.context.AnnotationConfigServletWebServerApplicationContext@7bd8aaaf: startup date [Wed Nov 06 21:38:46 CST 2019]; root of context hierarchy
2019-11-06 21:38:49.058 INFO [restartedMain]o.s.d.repository.config.RepositoryConfigurationDelegate.multipleStoresDetected:163 -Multiple Spring Data modules found, entering strict repository configuration mode!
2019-11-06 21:38:49.550 INFO [restartedMain]o.s.c.s.PostProcessorRegistrationDelegate$BeanPostProcessorChecker.postProcessAfterInitialization:328 -Bean 'org.springframework.transaction.annotation.ProxyTransactionManagementConfiguration' of type [org.springframework.transaction.annotation.ProxyTransactionManagementConfiguration$$EnhancerBySpringCGLIB$$a3f52b43] is not eligible for getting processed by all BeanPostProcessors (for example: not eligible for auto-proxying)
2019-11-06 21:38:50.382 INFO [restartedMain]o.s.boot.web.embedded.tomcat.TomcatWebServer.initialize:91 -Tomcat initialized with port(s): 8081 (http)
2019-11-06 21:38:50.416 INFO [restartedMain]org.apache.coyote.http11.Http11NioProtocol.log:180 -Initializing ProtocolHandler ["http-nio-8081"]
2019-11-06 21:38:50.435 INFO [restartedMain]org.apache.catalina.core.StandardService.log:180 -Starting service [Tomcat]
2019-11-06 21:38:50.436 INFO [restartedMain]org.apache.catalina.core.StandardEngine.log:180 -Starting Servlet Engine: Apache Tomcat/8.5.31
2019-11-06 21:38:50.447 INFO [localhost-startStop-1]org.apache.catalina.core.AprLifecycleListener.log:180 -The APR based Apache Tomcat Native library which allows optimal performance in production environments was not found on the java.library.path: [E:\Program Files\Java\jdk1.8.0_144\bin;C:\WINDOWS\Sun\Java\bin;C:\WINDOWS\system32;C:\WINDOWS;C:\Program Files (x86)\NetSarang\Xshell 6\;C:\Program Files (x86)\NetSarang\Xftp 6\;C:\Program Files (x86)\NVIDIA Corporation\PhysX\Common;C:\WINDOWS\system32;C:\WINDOWS;C:\WINDOWS\System32\Wbem;C:\WINDOWS\System32\WindowsPowerShell\v1.0\;E:\Program Files\Java\jdk1.8.0_144\bin;D:\Program Files (x86)\Git\cmd;D:\Program Files (x86)\GitExtensions\;E:\Program Files\Maven\apache-maven-3.2.5\apache-maven-3.2.5\bin;C:\WINDOWS\System32\OpenSSH\;E:\tools\gradle-4.8.1-bin\gradle-4.8.1\bin;C:\Program Files\erl9.3\bin;C:\Users\Administrator\AppData\Local\Microsoft\WindowsApps;;D:\Program Files\Fiddler;%USERPROFILE%\AppData\Local\Microsoft\WindowsApps;.]
2019-11-06 21:38:50.594 INFO [localhost-startStop-1]o.a.catalina.core.ContainerBase.[Tomcat].[localhost].[/].log:180 -Initializing Spring embedded WebApplicationContext
2019-11-06 21:38:50.595 INFO [localhost-startStop-1]org.springframework.web.context.ContextLoader.prepareWebApplicationContext:285 -Root WebApplicationContext: initialization completed in 3631 ms
2019-11-06 21:38:50.840 INFO [localhost-startStop-1]o.s.boot.web.servlet.ServletRegistrationBean.addRegistration:186 -Servlet dispatcherServlet mapped to [/]
2019-11-06 21:38:50.844 INFO [localhost-startStop-1]o.s.boot.web.servlet.FilterRegistrationBean.configure:245 -Mapping filter: 'characterEncodingFilter' to: [/*]
2019-11-06 21:38:50.845 INFO [localhost-startStop-1]o.s.boot.web.servlet.FilterRegistrationBean.configure:245 -Mapping filter: 'hiddenHttpMethodFilter' to: [/*]
2019-11-06 21:38:50.845 INFO [localhost-startStop-1]o.s.boot.web.servlet.FilterRegistrationBean.configure:245 -Mapping filter: 'httpPutFormContentFilter' to: [/*]
2019-11-06 21:38:50.845 INFO [localhost-startStop-1]o.s.boot.web.servlet.FilterRegistrationBean.configure:245 -Mapping filter: 'requestContextFilter' to: [/*]
2019-11-06 21:38:51.633 INFO [restartedMain]o.s.web.servlet.handler.SimpleUrlHandlerMapping.registerHandler:373 -Mapped URL path [/**/favicon.ico] onto handler of type [class org.springframework.web.servlet.resource.ResourceHttpRequestHandler]
2019-11-06 21:38:52.090 INFO [restartedMain]o.s.w.s.m.method.annotation.RequestMappingHandlerAdapter.initControllerAdviceCache:574 -Looking for @ControllerAdvice: org.springframework.boot.web.servlet.context.AnnotationConfigServletWebServerApplicationContext@7bd8aaaf: startup date [Wed Nov 06 21:38:46 CST 2019]; root of context hierarchy
2019-11-06 21:38:52.202 INFO [restartedMain]o.s.w.s.m.method.annotation.RequestMappingHandlerMapping.register:547 -Mapped "{[/admin/api/v1/video/update_by_id],methods=[PUT]}" onto public java.lang.Object net.xdclass.xdvideo.controller.admin.VideoAdminController.update(net.xdclass.xdvideo.domain.Video)
2019-11-06 21:38:52.203 INFO [restartedMain]o.s.w.s.m.method.annotation.RequestMappingHandlerMapping.register:547 -Mapped "{[/admin/api/v1/video/save],methods=[POST]}" onto public java.lang.Object net.xdclass.xdvideo.controller.admin.VideoAdminController.save(net.xdclass.xdvideo.domain.Video)
2019-11-06 21:38:52.204 INFO [restartedMain]o.s.w.s.m.method.annotation.RequestMappingHandlerMapping.register:547 -Mapped "{[/admin/api/v1/video/del_by_id],methods=[DELETE]}" onto public java.lang.Object net.xdclass.xdvideo.controller.admin.VideoAdminController.delById(int)
2019-11-06 21:38:52.205 INFO [restartedMain]o.s.w.s.m.method.annotation.RequestMappingHandlerMapping.register:547 -Mapped "{[/user/api/v1/order/add],methods=[GET]}" onto public void net.xdclass.xdvideo.controller.OrderController.saveOrder(int,javax.servlet.http.HttpServletRequest,javax.servlet.http.HttpServletResponse) throws java.lang.Exception
2019-11-06 21:38:52.205 INFO [restartedMain]o.s.w.s.m.method.annotation.RequestMappingHandlerMapping.register:547 -Mapped "{[/test]}" onto public java.lang.String net.xdclass.xdvideo.controller.TestController.test()
2019-11-06 21:38:52.206 INFO [restartedMain]o.s.w.s.m.method.annotation.RequestMappingHandlerMapping.register:547 -Mapped "{[/test_db]}" onto public java.lang.Object net.xdclass.xdvideo.controller.TestController.testDB()
2019-11-06 21:38:52.206 INFO [restartedMain]o.s.w.s.m.method.annotation.RequestMappingHandlerMapping.register:547 -Mapped "{[/test_config]}" onto public net.xdclass.xdvideo.domain.JsonData net.xdclass.xdvideo.controller.TestController.testConfig()
2019-11-06 21:38:52.207 INFO [restartedMain]o.s.w.s.m.method.annotation.RequestMappingHandlerMapping.register:547 -Mapped "{[/api/v1/video/page],methods=[GET]}" onto public java.lang.Object net.xdclass.xdvideo.controller.VideoController.pageVideo(int,int)
2019-11-06 21:38:52.207 INFO [restartedMain]o.s.w.s.m.method.annotation.RequestMappingHandlerMapping.register:547 -Mapped "{[/api/v1/video/find_by_id],methods=[GET]}" onto public java.lang.Object net.xdclass.xdvideo.controller.VideoController.findById(int)
2019-11-06 21:38:52.208 INFO [restartedMain]o.s.w.s.m.method.annotation.RequestMappingHandlerMapping.register:547 -Mapped "{[/api/v1/wechat/user/callback],methods=[GET]}" onto public void net.xdclass.xdvideo.controller.WechatController.wechatUserCallback(java.lang.String,java.lang.String,javax.servlet.http.HttpServletResponse) throws java.io.IOException
2019-11-06 21:38:52.208 INFO [restartedMain]o.s.w.s.m.method.annotation.RequestMappingHandlerMapping.register:547 -Mapped "{[/api/v1/wechat/login_url],methods=[GET]}" onto public net.xdclass.xdvideo.domain.JsonData net.xdclass.xdvideo.controller.WechatController.loginUrl(java.lang.String) throws java.io.UnsupportedEncodingException
2019-11-06 21:38:52.208 INFO [restartedMain]o.s.w.s.m.method.annotation.RequestMappingHandlerMapping.register:547 -Mapped "{[/api/v1/wechat/order/callback]}" onto public void net.xdclass.xdvideo.controller.WechatController.orderCallback(javax.servlet.http.HttpServletRequest,javax.servlet.http.HttpServletResponse) throws java.lang.Exception
2019-11-06 21:38:52.211 INFO [restartedMain]o.s.w.s.m.method.annotation.RequestMappingHandlerMapping.register:547 -Mapped "{[/error]}" onto public org.springframework.http.ResponseEntity<java.util.Map<java.lang.String, java.lang.Object>> org.springframework.boot.autoconfigure.web.servlet.error.BasicErrorController.error(javax.servlet.http.HttpServletRequest)
2019-11-06 21:38:52.212 INFO [restartedMain]o.s.w.s.m.method.annotation.RequestMappingHandlerMapping.register:547 -Mapped "{[/error],produces=[text/html]}" onto public org.springframework.web.servlet.ModelAndView org.springframework.boot.autoconfigure.web.servlet.error.BasicErrorController.errorHtml(javax.servlet.http.HttpServletRequest,javax.servlet.http.HttpServletResponse)
2019-11-06 21:38:52.241 INFO [restartedMain]o.s.web.servlet.handler.SimpleUrlHandlerMapping.registerHandler:373 -Mapped URL path [/webjars/**] onto handler of type [class org.springframework.web.servlet.resource.ResourceHttpRequestHandler]
2019-11-06 21:38:52.241 INFO [restartedMain]o.s.web.servlet.handler.SimpleUrlHandlerMapping.registerHandler:373 -Mapped URL path [/**] onto handler of type [class org.springframework.web.servlet.resource.ResourceHttpRequestHandler]
2019-11-06 21:38:52.258 INFO [restartedMain]o.s.w.s.m.m.annotation.ExceptionHandlerExceptionResolver.initExceptionHandlerAdviceCache:288 -Detected @ExceptionHandler methods in xdExceptionHandler
2019-11-06 21:38:53.318 INFO [restartedMain]o.s.boot.devtools.autoconfigure.OptionalLiveReloadServer.startServer:57 -LiveReload server is running on port 35729
2019-11-06 21:38:53.372 INFO [restartedMain]o.s.jmx.export.annotation.AnnotationMBeanExporter.afterSingletonsInstantiated:433 -Registering beans for JMX exposure on startup
2019-11-06 21:38:53.373 INFO [restartedMain]o.s.jmx.export.annotation.AnnotationMBeanExporter.autodetect:895 -Bean with name 'dataSource' has been autodetected for JMX exposure
2019-11-06 21:38:53.379 INFO [restartedMain]o.s.jmx.export.annotation.AnnotationMBeanExporter.registerBeanInstance:668 -Located MBean 'dataSource': registering with JMX server as MBean [com.alibaba.druid.pool:name=dataSource,type=DruidDataSource]
2019-11-06 21:38:53.401 INFO [restartedMain]org.apache.coyote.http11.Http11NioProtocol.log:180 -Starting ProtocolHandler ["http-nio-8081"]
2019-11-06 21:38:53.411 INFO [restartedMain]org.apache.tomcat.util.net.NioSelectorPool.log:180 -Using a shared selector for servlet write/read
2019-11-06 21:38:53.473 INFO [restartedMain]o.s.boot.web.embedded.tomcat.TomcatWebServer.start:206 -Tomcat started on port(s): 8081 (http) with context path ''
2019-11-06 21:38:53.478 INFO [restartedMain]net.xdclass.xdvideo.XdvideoApplication.logStarted:59 -Started XdvideoApplication in 7.382 seconds (JVM running for 9.598)
2019-11-06 21:38:56.706 INFO [http-nio-8081-exec-1]o.a.catalina.core.ContainerBase.[Tomcat].[localhost].[/].log:180 -Initializing Spring FrameworkServlet 'dispatcherServlet'
2019-11-06 21:38:56.706 INFO [http-nio-8081-exec-1]org.springframework.web.servlet.DispatcherServlet.initServletBean:494 -FrameworkServlet 'dispatcherServlet': initialization started
2019-11-06 21:38:56.751 INFO [http-nio-8081-exec-1]org.springframework.web.servlet.DispatcherServlet.initServletBean:509 -FrameworkServlet 'dispatcherServlet': initialization completed in 44 ms
2019-11-06 21:38:57.091 INFO [http-nio-8081-exec-1]com.alibaba.druid.pool.DruidDataSource.init:922 -{dataSource-1} inited
